<?xml version="1.0" encoding="UTF-8"?>
<testsuite xmlns:xsi="http://www.w3.org/2001/XMLSchema-instance" xsi:noNamespaceSchemaLocation="https://maven.apache.org/surefire/maven-surefire-plugin/xsd/surefire-test-report.xsd" version="3.0.2" name="com.ajet.tests.FlightSearchTest" time="23.884" tests="1" errors="0" skipped="0" failures="0">
  <properties>
[...]
</properties>
  <testcase name="testSearchRoundTripFlight" classname="Flight Search Tab Tests" time="23.877">
    <system-err><![CDATA[Nov 30, 2025 12:31:31 AM com.ajet.tests.FlightSearchTest testSearchRoundTripFlight
INFO: Current URL after round-trip search: https://ajet.com/booking/availability
]]></system-err>
  </testcase>
</testsuite>